2017-12-10 22:03:16: GET https://localhost:9501/users
2017-12-10 22:03:16: []
2017-12-10 22:04:30: GET https://localhost:9501/users
2017-12-10 22:04:30: []
2017-12-10 22:04:47: GET https://localhost:9501/users
2017-12-10 22:04:47: []
2017-12-10 22:05:14: GET https://localhost:9501/users
2017-12-10 22:05:14: []
2017-12-10 22:05:14:   
2017-12-10 22:05:43: GET https://localhost:9501/users
2017-12-10 22:05:43: []
2017-12-10 22:06:01: GET https://localhost:9501/users
2017-12-10 22:06:01: []
2017-12-10 22:08:53: GET https://localhost:9501/users
2017-12-10 22:08:53: []
2017-12-10 22:09:30: GET https://localhost:9501/users
2017-12-10 22:09:30: []
2017-12-10 22:09:30:   
2017-12-10 22:10:01: GET https://localhost:9501/users
2017-12-10 22:10:01: []
2017-12-10 22:11:06: GET https://localhost:9501/users
2017-12-10 22:11:06: []
2017-12-10 22:11:35: GET https://localhost:9501/users
2017-12-10 22:11:35: []
2017-12-10 22:11:54: GET https://localhost:9501/users
2017-12-10 22:11:54: []
2017-12-10 22:11:54:   
2017-12-10 22:11:56: GET https://localhost:9501/users
2017-12-10 22:11:56: []
2017-12-10 22:11:56:   
2017-12-10 22:11:57: GET https://localhost:9501/users
2017-12-10 22:11:57: []
2017-12-10 22:11:57:   
2017-12-10 22:11:57: GET https://localhost:9501/users
2017-12-10 22:11:57: []
2017-12-10 22:11:57:   
2017-12-10 22:11:57: GET https://localhost:9501/users
2017-12-10 22:11:57: []
2017-12-10 22:11:57:   
2017-12-10 22:11:57: GET https://localhost:9501/users
2017-12-10 22:11:57: []
2017-12-10 22:11:57:   
2017-12-10 22:11:58: GET https://localhost:9501/users
2017-12-10 22:11:58: []
2017-12-10 22:11:58:   
2017-12-10 22:11:58: GET https://localhost:9501/users
2017-12-10 22:11:58: []
2017-12-10 22:11:58:   
2017-12-10 22:11:58: GET https://localhost:9501/users
2017-12-10 22:11:58: []
2017-12-10 22:11:58:   
2017-12-10 22:11:58: GET https://localhost:9501/users
2017-12-10 22:11:58: []
2017-12-10 22:11:58:   
2017-12-10 22:11:58: GET https://localhost:9501/users
2017-12-10 22:11:58: []
2017-12-10 22:11:58:   
2017-12-10 22:11:59: GET https://localhost:9501/users
2017-12-10 22:11:59: []
2017-12-10 22:11:59:   
2017-12-10 22:11:59: GET https://localhost:9501/users
2017-12-10 22:11:59: []
2017-12-10 22:11:59:   
2017-12-10 22:11:59: GET https://localhost:9501/users
2017-12-10 22:11:59: []
2017-12-10 22:11:59:   
2017-12-10 22:11:59: GET https://localhost:9501/users
2017-12-10 22:11:59: []
2017-12-10 22:11:59:   
2017-12-10 22:12:00: GET https://localhost:9501/users
2017-12-10 22:12:00: []
2017-12-10 22:12:00:   
2017-12-10 22:12:00: GET https://localhost:9501/users
2017-12-10 22:12:00: []
2017-12-10 22:12:00:   
2017-12-10 22:12:00: GET https://localhost:9501/users
2017-12-10 22:12:00: []
2017-12-10 22:12:00:   
2017-12-10 22:12:00: GET https://localhost:9501/users
2017-12-10 22:12:00: []
2017-12-10 22:12:00:   
2017-12-10 22:12:00: GET https://localhost:9501/users
2017-12-10 22:12:00: []
2017-12-10 22:12:00:   
2017-12-10 22:12:01: GET https://localhost:9501/users
2017-12-10 22:12:01: []
2017-12-10 22:12:01:   
2017-12-10 22:12:01: GET https://localhost:9501/users
2017-12-10 22:12:01: []
2017-12-10 22:12:01:   
2017-12-10 22:12:01: GET https://localhost:9501/users
2017-12-10 22:12:01: []
2017-12-10 22:12:01:   
2017-12-10 22:12:01: GET https://localhost:9501/users
2017-12-10 22:12:01: []
2017-12-10 22:12:01:   
2017-12-10 22:12:01: GET https://localhost:9501/users
2017-12-10 22:12:01: []
2017-12-10 22:12:01:   
2017-12-10 22:12:02: GET https://localhost:9501/users
2017-12-10 22:12:02: []
2017-12-10 22:12:02:   
2017-12-10 22:12:02: GET https://localhost:9501/users
2017-12-10 22:12:02: []
2017-12-10 22:12:02:   
2017-12-10 22:12:02: GET https://localhost:9501/users
2017-12-10 22:12:02: []
2017-12-10 22:12:02:   
2017-12-10 22:12:02: GET https://localhost:9501/users
2017-12-10 22:12:02: []
2017-12-10 22:12:02:   
2017-12-10 22:12:02: GET https://localhost:9501/users
2017-12-10 22:12:02: []
2017-12-10 22:12:02:   
2017-12-10 22:12:03: GET https://localhost:9501/users
2017-12-10 22:12:03: []
2017-12-10 22:12:03:   
2017-12-10 22:12:03: GET https://localhost:9501/users
2017-12-10 22:12:03: []
2017-12-10 22:12:03:   
2017-12-10 22:12:03: GET https://localhost:9501/users
2017-12-10 22:12:03: []
2017-12-10 22:12:03:   
2017-12-10 22:12:03: GET https://localhost:9501/users
2017-12-10 22:12:03: []
2017-12-10 22:12:03:   
2017-12-10 22:12:04: GET https://localhost:9501/users
2017-12-10 22:12:04: []
2017-12-10 22:12:04:   
2017-12-10 22:12:04: GET https://localhost:9501/users
2017-12-10 22:12:04: []
2017-12-10 22:12:04:   
2017-12-10 22:12:04: GET https://localhost:9501/users
2017-12-10 22:12:04: []
2017-12-10 22:12:04:   
2017-12-10 22:12:04: GET https://localhost:9501/users
2017-12-10 22:12:04: []
2017-12-10 22:12:04:   
2017-12-10 22:12:05: GET https://localhost:9501/users
2017-12-10 22:12:05: []
2017-12-10 22:12:05:   
2017-12-10 22:12:05: GET https://localhost:9501/users
2017-12-10 22:12:05: []
2017-12-10 22:12:05:   
2017-12-10 22:12:42: GET https://localhost:9501/users
2017-12-10 22:12:42: []
2017-12-10 22:12:42:   
2017-12-10 22:12:42: GET https://localhost:9501/users
2017-12-10 22:12:42: []
2017-12-10 22:12:42:   
2017-12-10 22:12:43: GET https://localhost:9501/users
2017-12-10 22:12:43: []
2017-12-10 22:12:43:   
2017-12-10 22:12:43: GET https://localhost:9501/users
2017-12-10 22:12:43: []
2017-12-10 22:12:43:   
2017-12-10 22:12:43: GET https://localhost:9501/users
2017-12-10 22:12:43: []
2017-12-10 22:12:43:   
2017-12-10 22:12:43: GET https://localhost:9501/users
2017-12-10 22:12:43: []
2017-12-10 22:12:43:   
2017-12-10 22:12:43: GET https://localhost:9501/users
2017-12-10 22:12:43: []
2017-12-10 22:12:43:   
2017-12-10 22:12:44: GET https://localhost:9501/users
2017-12-10 22:12:44: []
2017-12-10 22:12:44:   
2017-12-10 22:12:44: GET https://localhost:9501/users
2017-12-10 22:12:44: []
2017-12-10 22:12:44:   
2017-12-10 22:12:44: GET https://localhost:9501/users
2017-12-10 22:12:44: []
2017-12-10 22:12:44:   
2017-12-10 22:12:59: GET https://localhost:9501/
2017-12-10 22:12:59: []
2017-12-10 22:12:59:   
2017-12-10 22:13:00: GET https://localhost:9501/
2017-12-10 22:13:00: []
2017-12-10 22:13:00:   
2017-12-10 22:13:10: GET https://localhost:9501/
2017-12-10 22:13:10: []
2017-12-10 22:13:10:   
2017-12-10 22:13:11: GET https://localhost:9501/
2017-12-10 22:13:11: []
2017-12-10 22:13:11:   
2017-12-10 22:13:38: GET https://localhost:9501/users
2017-12-10 22:13:38: []
2017-12-10 22:13:38:   
2017-12-10 22:13:41: GET https://localhost:9501/users
2017-12-10 22:13:41: []
2017-12-10 22:13:41:   
2017-12-10 22:13:42: GET https://localhost:9501/users
2017-12-10 22:13:42: []
2017-12-10 22:13:42:   
2017-12-10 23:34:33: GET https://localhost:9501/users
2017-12-10 23:34:33: []
2017-12-10 23:34:34:   
2017-12-10 23:34:34: GET https://localhost:9501/users
2017-12-10 23:34:34: []
2017-12-10 23:34:34:   
2017-12-10 23:34:35: GET https://localhost:9501/users
2017-12-10 23:34:35: []
2017-12-10 23:34:35:   
2017-12-10 23:34:36: GET https://localhost:9501/users
2017-12-10 23:34:36: []
2017-12-10 23:34:36:   
2017-12-10 23:34:36: GET https://localhost:9501/users
2017-12-10 23:34:36: []
2017-12-10 23:34:36:   
2017-12-10 23:34:36: GET https://localhost:9501/users
2017-12-10 23:34:36: []
2017-12-10 23:34:36:   
2017-12-10 23:34:37: GET https://localhost:9501/users
2017-12-10 23:34:37: []
2017-12-10 23:34:37:   
2017-12-10 23:34:37: GET https://localhost:9501/users
2017-12-10 23:34:37: []
2017-12-10 23:34:37:   
2017-12-10 23:34:38: GET https://localhost:9501/users
2017-12-10 23:34:38: []
2017-12-10 23:34:38:   
2017-12-10 23:34:38: GET https://localhost:9501/users
2017-12-10 23:34:38: []
2017-12-10 23:34:38:   
2017-12-10 23:34:38: GET https://localhost:9501/users
2017-12-10 23:34:38: []
2017-12-10 23:34:38:   
2017-12-10 23:34:42: GET https://localhost:9501/users4
2017-12-10 23:34:42: []
2017-12-10 23:34:42:   
2017-12-10 23:34:43: GET https://localhost:9501/users4
2017-12-10 23:34:43: []
2017-12-10 23:34:43:   
2017-12-10 23:34:44: GET https://localhost:9501/users4
2017-12-10 23:34:44: []
2017-12-10 23:34:44:   
2017-12-10 23:34:44: GET https://localhost:9501/users4
2017-12-10 23:34:44: []
2017-12-10 23:34:44:   
2017-12-10 23:34:44: GET https://localhost:9501/users4
2017-12-10 23:34:44: []
2017-12-10 23:34:44:   
2017-12-10 23:34:44: GET https://localhost:9501/users4
2017-12-10 23:34:44: []
2017-12-10 23:34:44:   
2017-12-10 23:34:44: GET https://localhost:9501/users4
2017-12-10 23:34:44: []
2017-12-10 23:34:44:   
2017-12-10 23:34:44: GET https://localhost:9501/users4
2017-12-10 23:34:44: []
2017-12-10 23:34:44:   
2017-12-10 23:34:45: GET https://localhost:9501/users4
2017-12-10 23:34:45: []
2017-12-10 23:34:45:   
2017-12-10 23:34:45: GET https://localhost:9501/users4
2017-12-10 23:34:45: []
2017-12-10 23:34:45:   
2017-12-10 23:34:45: GET https://localhost:9501/users4
2017-12-10 23:34:45: []
2017-12-10 23:34:45:   
2017-12-10 23:34:45: GET https://localhost:9501/users4
2017-12-10 23:34:45: []
2017-12-10 23:34:45:   
2017-12-10 23:34:45: GET https://localhost:9501/users4
2017-12-10 23:34:45: []
2017-12-10 23:34:45:   
2017-12-10 23:34:45: GET https://localhost:9501/users4
2017-12-10 23:34:45: []
2017-12-10 23:34:45:   
2017-12-10 23:34:46: GET https://localhost:9501/users4
2017-12-10 23:34:46: []
2017-12-10 23:34:46:   
2017-12-10 23:34:46: GET https://localhost:9501/users4
2017-12-10 23:34:46: []
2017-12-10 23:34:46:   
2017-12-10 23:34:46: GET https://localhost:9501/users4
2017-12-10 23:34:46: []
2017-12-10 23:34:46:   
2017-12-10 23:34:46: GET https://localhost:9501/users4
2017-12-10 23:34:46: []
2017-12-10 23:34:46:   
2017-12-10 23:34:47: GET https://localhost:9501/users4
2017-12-10 23:34:47: []
2017-12-10 23:34:47:   
2017-12-10 23:34:47: GET https://localhost:9501/users4
2017-12-10 23:34:47: []
2017-12-10 23:34:47:   
2017-12-10 23:34:47: GET https://localhost:9501/users4
2017-12-10 23:34:47: []
2017-12-10 23:34:47:   
2017-12-10 23:34:48: GET https://localhost:9501/users4
2017-12-10 23:34:48: []
2017-12-10 23:34:48:   
2017-12-10 23:34:48: GET https://localhost:9501/users4
2017-12-10 23:34:48: []
2017-12-10 23:34:48:   
2017-12-10 23:34:48: GET https://localhost:9501/users4
2017-12-10 23:34:48: []
2017-12-10 23:34:48:   
2017-12-10 23:34:49: GET https://localhost:9501/users
2017-12-10 23:34:49: []
2017-12-10 23:34:49:   
2017-12-10 23:34:50: GET https://localhost:9501/users
2017-12-10 23:34:50: []
2017-12-10 23:34:50:   
2017-12-10 23:34:50: GET https://localhost:9501/users
2017-12-10 23:34:50: []
2017-12-10 23:34:50:   
2017-12-10 23:34:51: GET https://localhost:9501/users
2017-12-10 23:34:51: []
2017-12-10 23:34:51:   
2017-12-10 23:34:51: GET https://localhost:9501/users
2017-12-10 23:34:51: []
2017-12-10 23:34:51:   
2017-12-10 23:35:10: GET https://localhost:9501/
2017-12-10 23:35:10: []
2017-12-10 23:35:10:   
2017-12-10 23:35:11: GET https://localhost:9501/
2017-12-10 23:35:11: []
2017-12-10 23:35:11:   
2017-12-10 23:35:13: GET https://localhost:9501/
2017-12-10 23:35:13: []
2017-12-10 23:35:13:   
2017-12-10 23:35:14: GET https://localhost:9501/
2017-12-10 23:35:14: []
2017-12-10 23:35:14:   
2017-12-10 23:35:14: GET https://localhost:9501/
2017-12-10 23:35:14: []
2017-12-10 23:35:14:   
2017-12-10 23:35:16: GET https://localhost:9501/
2017-12-10 23:35:16: []
2017-12-10 23:35:16:   
2017-12-10 23:35:16: GET https://localhost:9501/
2017-12-10 23:35:16: []
2017-12-10 23:35:16:   
2017-12-10 23:35:16: GET https://localhost:9501/
2017-12-10 23:35:16: []
2017-12-10 23:35:16:   
2017-12-10 23:35:16: GET https://localhost:9501/
2017-12-10 23:35:16: []
2017-12-10 23:35:16:   
2017-12-10 23:35:16: GET https://localhost:9501/
2017-12-10 23:35:16: []
2017-12-10 23:35:16:   
2017-12-10 23:35:17: GET https://localhost:9501/
2017-12-10 23:35:17: []
2017-12-10 23:35:17:   
2017-12-10 23:35:17: GET https://localhost:9501/
2017-12-10 23:35:17: []
2017-12-10 23:35:17:   
